<?xml version="1.0" encoding="UTF-8"?>
<!-- Generated by org.testng.reporters.JUnitReportReporter -->
<testsuite hostname="DESKTOP-HIQ2IVV" failures="0" tests="1" name="windowhandling.OpenMultipleTabs" time="15.463" errors="0" timestamp="2025-02-25T23:16:09 IST" skipped="0">
  <testcase classname="windowhandling.OpenMultipleTabs" name="openmultipletabs" time="15.463"/>
  <system-out/>
</testsuite> <!-- windowhandling.OpenMultipleTabs -->
