<?xml version="1.0" encoding="UTF-8"?>
<!-- Generated by org.testng.reporters.JUnitReportReporter -->
<testsuite hostname="DESKTOP-HIQ2IVV" failures="0" tests="1" name="windowhandling.OpenMultipleWindows" time="18.331" errors="0" timestamp="2025-02-25T22:57:49 IST" skipped="0">
  <testcase classname="windowhandling.OpenMultipleWindows" name="openmultiplewindows" time="18.331"/>
  <system-out/>
</testsuite> <!-- windowhandling.OpenMultipleWindows -->
