<?xml version="1.0" encoding="UTF-8"?>
<!-- Generated by org.testng.reporters.JUnitReportReporter -->
<testsuite hostname="DESKTOP-HIQ2IVV" failures="0" tests="1" name="windowhandling.OpenNewTab" time="10.210" errors="0" timestamp="2025-02-25T22:10:40 IST" skipped="0">
  <testcase classname="windowhandling.OpenNewTab" name="opennewtab" time="10.210"/>
  <system-out/>
</testsuite> <!-- windowhandling.OpenNewTab -->
