<?xml version="1.0" encoding="UTF-8"?>
<!-- Generated by org.testng.reporters.JUnitReportReporter -->
<testsuite hostname="DESKTOP-HIQ2IVV" failures="0" tests="1" name="practice.ExcelUtility" time="1.089" errors="0" timestamp="2025-02-21T22:16:52 IST" skipped="0">
  <testcase classname="practice.ExcelUtility" name="excelutility" time="1.089"/>
  <system-out/>
</testsuite> <!-- practice.ExcelUtility -->
