<?xml version="1.0" encoding="UTF-8"?>
<!-- Generated by org.testng.reporters.JUnitReportReporter -->
<testsuite hostname="DESKTOP-HIQ2IVV" failures="0" tests="1" name="windowhandling.WindowHandling" time="11.286" errors="0" timestamp="2025-02-25T21:16:56 IST" skipped="0">
  <testcase classname="windowhandling.WindowHandling" name="handlingwindow" time="11.286"/>
  <system-out/>
</testsuite> <!-- windowhandling.WindowHandling -->
