<?xml version="1.0" encoding="UTF-8"?>
<!-- Generated by org.testng.reporters.JUnitReportReporter -->
<testsuite hostname="DESKTOP-HIQ2IVV" failures="0" tests="1" name="windowhandling.OpenMultipleTabsAndWindows" time="21.323" errors="0" timestamp="2025-02-25T23:28:53 IST" skipped="0">
  <testcase classname="windowhandling.OpenMultipleTabsAndWindows" name="openmultipletabsandwindows" time="21.323"/>
  <system-out/>
</testsuite> <!-- windowhandling.OpenMultipleTabsAndWindows -->
